<?xml version="1.0" encoding="UTF-8"?>
<!-- Generated by org.testng.reporters.JUnitReportReporter -->
<testsuite hostname="Selenium-W2A" name="test.TestRunner" tests="1" failures="0" timestamp="3 Jul 2015 08:41:37 GMT" time="0.605" errors="0">
  <testcase name="run_cukes" time="0.605" classname="test.TestRunner"/>
</testsuite> <!-- test.TestRunner -->
